e:\project\c++\ds template\ds template\debug\vc141.pdb
e:\project\c++\ds template\ds template\debug\vc141.idb
e:\project\c++\ds template\ds template\debug\红黑树.obj
e:\project\c++\ds template\ds template\debug\队列.obj
e:\project\c++\ds template\ds template\debug\列表.obj
e:\project\c++\ds template\ds template\debug\栈.obj
e:\project\c++\ds template\ds template\debug\向量.obj
e:\project\c++\ds template\ds template\debug\并查集.obj
e:\project\c++\ds template\ds template\debug\图.obj
e:\project\c++\ds template\ds template\debug\优先队列.obj
e:\project\c++\ds template\ds template\debug\二叉树.obj
e:\project\c++\ds template\debug\ds template.ilk
e:\project\c++\ds template\debug\ds template.exe
e:\project\c++\ds template\debug\ds template.pdb
e:\project\c++\ds template\ds template\debug\ds template.tlog\cl.command.1.tlog
e:\project\c++\ds template\ds template\debug\ds template.tlog\cl.read.1.tlog
e:\project\c++\ds template\ds template\debug\ds template.tlog\cl.write.1.tlog
e:\project\c++\ds template\ds template\debug\ds template.tlog\link.command.1.tlog
e:\project\c++\ds template\ds template\debug\ds template.tlog\link.read.1.tlog
e:\project\c++\ds template\ds template\debug\ds template.tlog\link.write.1.tlog
